<?xml version="1.0" encoding="UTF-8"?>
<!-- Generated by org.testng.reporters.JUnitReportReporter -->
<testsuite hostname="LAPTOP-H61C5LHR" failures="0" tests="1" name="driverlaunch.Chrome" time="6.999" errors="0" timestamp="2022-08-23T12:36:14 IST" skipped="0">
  <testcase classname="driverlaunch.Chrome" name="setup" time="6.999"/>
  <system-out/>
</testsuite> <!-- driverlaunch.Chrome -->
