<?xml version="1.0" encoding="UTF-8"?>
<!-- Generated by org.testng.reporters.JUnitReportReporter -->
<testsuite hostname="LAPTOP-H61C5LHR" failures="0" tests="2" name="maven123.Demo" time="0.014" errors="0" timestamp="2022-08-22T12:36:34 IST" skipped="0">
  <testcase classname="maven123.Demo" name="setup" time="0.012"/>
  <system-out/>
  <testcase classname="maven123.Demo" name="teardown" time="0.002"/>
  <system-out/>
</testsuite> <!-- maven123.Demo -->
